<?xml version="1.0" encoding="UTF-8"?>
<!-- Generated by org.testng.reporters.JUnitReportReporter -->
<testsuite hostname="LAPTOP-DQ7KB8NS" failures="0" tests="2" name="com.fitpeo.testcases.HomeTest" time="9.927" errors="0" timestamp="2024-11-25T15:41:33 IST" skipped="0">
  <testcase classname="com.fitpeo.testcases.HomeTest" name="homeTestvalidation" time="4.735"/>
  <testcase classname="com.fitpeo.testcases.HomeTest" name="revenueCalculatorLink" time="5.192"/>
</testsuite> <!-- com.fitpeo.testcases.HomeTest -->
